[debug] [2025-09-13T12:57:02.789Z] ----------------------------------------------------------------------
[debug] [2025-09-13T12:57:02.792Z] Command:       C:\Program Files\nodejs\node.exe C:\Users\Arif Kabakçı\AppData\Roaming\npm\node_modules\firebase-tools\lib\bin\firebase.js init functions
[debug] [2025-09-13T12:57:02.792Z] CLI Version:   14.15.2
[debug] [2025-09-13T12:57:02.793Z] Platform:      win32
[debug] [2025-09-13T12:57:02.793Z] Node Version:  v22.17.0
[debug] [2025-09-13T12:57:02.793Z] Time:          Sat Sep 13 2025 15:57:02 GMT+0300 (GMT+03:00)
[debug] [2025-09-13T12:57:02.793Z] ----------------------------------------------------------------------
[debug] 
[debug] [2025-09-13T12:57:02.795Z] >>> [apiv2][query] GET https://firebase-public.firebaseio.com/cli.json [none]
[debug] [2025-09-13T12:57:02.831Z] > command requires scopes: ["email","openid","https://www.googleapis.com/auth/cloudplatformprojects.readonly","https://www.googleapis.com/auth/firebase","https://www.googleapis.com/auth/cloud-platform"]
[debug] [2025-09-13T12:57:02.831Z] > authorizing via signed-in user (315kabakc@gmail.com)
[info] 
     ######## #### ########  ######## ########     ###     ######  ########
     ##        ##  ##     ## ##       ##     ##  ##   ##  ##       ##
     ######    ##  ########  ######   ########  #########  ######  ######
     ##        ##  ##    ##  ##       ##     ## ##     ##       ## ##
     ##       #### ##     ## ######## ########  ##     ##  ######  ########

You're about to initialize a Firebase project in this directory:

  c:\Users\Arif Kabakçı\Desktop\Kütüphane Projesi

[debug] [2025-09-13T12:57:03.247Z] <<< [apiv2][status] GET https://firebase-public.firebaseio.com/cli.json 200
[debug] [2025-09-13T12:57:03.247Z] <<< [apiv2][body] GET https://firebase-public.firebaseio.com/cli.json {"cloudBuildErrorAfter":1594252800000,"cloudBuildWarnAfter":1590019200000,"defaultNode10After":1594252800000,"minVersion":"3.0.5","node8DeploysDisabledAfter":1613390400000,"node8RuntimeDisabledAfter":1615809600000,"node8WarnAfter":1600128000000}
[debug] [2025-09-13T12:59:42.256Z] ----------------------------------------------------------------------
[debug] [2025-09-13T12:59:42.258Z] Command:       C:\Program Files\nodejs\node.exe C:\Users\Arif Kabakçı\AppData\Roaming\npm\node_modules\firebase-tools\lib\bin\firebase.js init functions
[debug] [2025-09-13T12:59:42.258Z] CLI Version:   14.15.2
[debug] [2025-09-13T12:59:42.258Z] Platform:      win32
[debug] [2025-09-13T12:59:42.258Z] Node Version:  v22.17.0
[debug] [2025-09-13T12:59:42.258Z] Time:          Sat Sep 13 2025 15:59:42 GMT+0300 (GMT+03:00)
[debug] [2025-09-13T12:59:42.258Z] ----------------------------------------------------------------------
[debug] 
[debug] [2025-09-13T12:59:42.263Z] > command requires scopes: ["email","openid","https://www.googleapis.com/auth/cloudplatformprojects.readonly","https://www.googleapis.com/auth/firebase","https://www.googleapis.com/auth/cloud-platform"]
[debug] [2025-09-13T12:59:42.264Z] > authorizing via signed-in user (315kabakc@gmail.com)
[info] 
     ######## #### ########  ######## ########     ###     ######  ########
     ##        ##  ##     ## ##       ##     ##  ##   ##  ##       ##
     ######    ##  ########  ######   ########  #########  ######  ######
     ##        ##  ##    ##  ##       ##     ## ##     ##       ## ##
     ##       #### ##     ## ######## ########  ##     ##  ######  ########

You're about to initialize a Firebase project in this directory:

  c:\Users\Arif Kabakçı\Desktop\Kütüphane Projesi

[info] 
=== Project Setup
[info] 
[info] First, let's associate this project directory with a Firebase project.
[info] You can create multiple project aliases by running firebase use --add, 
[info] but for now we'll just set up a default project.
[info] 
[info] No default project found. Continuing without a project in non interactive mode.
[info] 
=== Functions Setup
[info] Let's create a new codebase for your functions.
[info] A directory corresponding to the codebase will be created in your project
[info] with sample code pre-configured.

[info] See https://firebase.google.com/docs/functions/organize-functions for
[info] more information on organizing your functions using codebases.

[info] Functions can be deployed with firebase deploy.

[debug] [2025-09-13T13:13:07.442Z] ----------------------------------------------------------------------
[debug] [2025-09-13T13:13:07.445Z] Command:       C:\Program Files\nodejs\node.exe C:\Users\Arif Kabakçı\AppData\Roaming\npm\node_modules\firebase-tools\lib\bin\firebase.js deploy --only functions:deleteUser
[debug] [2025-09-13T13:13:07.446Z] CLI Version:   14.15.2
[debug] [2025-09-13T13:13:07.446Z] Platform:      win32
[debug] [2025-09-13T13:13:07.446Z] Node Version:  v22.17.0
[debug] [2025-09-13T13:13:07.446Z] Time:          Sat Sep 13 2025 16:13:07 GMT+0300 (GMT+03:00)
[debug] [2025-09-13T13:13:07.446Z] ----------------------------------------------------------------------
[debug] 
[error] 
[error] Error: Not in a Firebase app directory (could not locate firebase.json)
[debug] [2025-09-19T20:29:32.999Z] ----------------------------------------------------------------------
[debug] [2025-09-19T20:29:33.001Z] Command:       C:\Program Files\nodejs\node.exe C:\Users\Arif Kabakçı\AppData\Roaming\npm\node_modules\firebase-tools\lib\bin\firebase.js deploy --only storage --config project/firebase.json
[debug] [2025-09-19T20:29:33.001Z] CLI Version:   14.15.2
[debug] [2025-09-19T20:29:33.002Z] Platform:      win32
[debug] [2025-09-19T20:29:33.002Z] Node Version:  v22.17.0
[debug] [2025-09-19T20:29:33.002Z] Time:          Fri Sep 19 2025 23:29:33 GMT+0300 (GMT+03:00)
[debug] [2025-09-19T20:29:33.002Z] ----------------------------------------------------------------------
[debug] 
[debug] [2025-09-19T20:29:33.004Z] >>> [apiv2][query] GET https://firebase-public.firebaseio.com/cli.json [none]
[debug] [2025-09-19T20:29:33.214Z] Object "/storage" in "firebase.json" has unknown property: {"additionalProperty":"cors"}
[debug] [2025-09-19T20:29:33.215Z] Field "/storage" in "firebase.json" is possibly invalid: must be array
[debug] [2025-09-19T20:29:33.215Z] Field "/storage" in "firebase.json" is possibly invalid: must match a schema in anyOf
[debug] [2025-09-19T20:29:33.221Z] > command requires scopes: ["email","openid","https://www.googleapis.com/auth/cloudplatformprojects.readonly","https://www.googleapis.com/auth/firebase","https://www.googleapis.com/auth/cloud-platform"]
[debug] [2025-09-19T20:29:33.221Z] > authorizing via signed-in user (315kabakc@gmail.com)
[debug] [2025-09-19T20:29:33.222Z] [iam] checking project data-49543 for permissions ["firebase.projects.get","firebaserules.releases.create","firebaserules.releases.update","firebaserules.rulesets.create"]
[debug] [2025-09-19T20:29:33.222Z] Checked if tokens are valid: false, expires at: 1758055631352
[debug] [2025-09-19T20:29:33.222Z] Checked if tokens are valid: false, expires at: 1758055631352
[debug] [2025-09-19T20:29:33.223Z] > refreshing access token with scopes: []
[debug] [2025-09-19T20:29:33.224Z] >>> [apiv2][query] POST https://www.googleapis.com/oauth2/v3/token [none]
[debug] [2025-09-19T20:29:33.224Z] >>> [apiv2][body] POST https://www.googleapis.com/oauth2/v3/token [omitted]
[debug] [2025-09-19T20:29:33.438Z] <<< [apiv2][status] POST https://www.googleapis.com/oauth2/v3/token 200
[debug] [2025-09-19T20:29:33.438Z] <<< [apiv2][body] POST https://www.googleapis.com/oauth2/v3/token [omitted]
[debug] [2025-09-19T20:29:33.447Z] >>> [apiv2][query] POST https://cloudresourcemanager.googleapis.com/v1/projects/data-49543:testIamPermissions [none]
[debug] [2025-09-19T20:29:33.448Z] >>> [apiv2][(partial)header] POST https://cloudresourcemanager.googleapis.com/v1/projects/data-49543:testIamPermissions x-goog-quota-user=projects/data-49543
[debug] [2025-09-19T20:29:33.448Z] >>> [apiv2][body] POST https://cloudresourcemanager.googleapis.com/v1/projects/data-49543:testIamPermissions {"permissions":["firebase.projects.get","firebaserules.releases.create","firebaserules.releases.update","firebaserules.rulesets.create"]}
[debug] [2025-09-19T20:29:33.598Z] <<< [apiv2][status] GET https://firebase-public.firebaseio.com/cli.json 200
[debug] [2025-09-19T20:29:33.598Z] <<< [apiv2][body] GET https://firebase-public.firebaseio.com/cli.json {"cloudBuildErrorAfter":1594252800000,"cloudBuildWarnAfter":1590019200000,"defaultNode10After":1594252800000,"minVersion":"3.0.5","node8DeploysDisabledAfter":1613390400000,"node8RuntimeDisabledAfter":1615809600000,"node8WarnAfter":1600128000000}
[debug] [2025-09-19T20:29:34.435Z] <<< [apiv2][status] POST https://cloudresourcemanager.googleapis.com/v1/projects/data-49543:testIamPermissions 200
[debug] [2025-09-19T20:29:34.436Z] <<< [apiv2][body] POST https://cloudresourcemanager.googleapis.com/v1/projects/data-49543:testIamPermissions {"permissions":["firebase.projects.get","firebaserules.releases.create","firebaserules.releases.update","firebaserules.rulesets.create"]}
[info] 
[info] === Deploying to 'data-49543'...
[info] 
[info] i  deploying storage 
[info] i  storage: ensuring required API firebasestorage.googleapis.com is enabled... 
[debug] [2025-09-19T20:29:34.440Z] Checked if tokens are valid: true, expires at: 1758317371438
[debug] [2025-09-19T20:29:34.441Z] Checked if tokens are valid: true, expires at: 1758317371438
[debug] [2025-09-19T20:29:34.441Z] >>> [apiv2][query] GET https://serviceusage.googleapis.com/v1/projects/data-49543/services/firebasestorage.googleapis.com [none]
[debug] [2025-09-19T20:29:34.441Z] >>> [apiv2][(partial)header] GET https://serviceusage.googleapis.com/v1/projects/data-49543/services/firebasestorage.googleapis.com x-goog-quota-user=projects/data-49543
[debug] [2025-09-19T20:29:35.603Z] <<< [apiv2][status] GET https://serviceusage.googleapis.com/v1/projects/data-49543/services/firebasestorage.googleapis.com 200
[debug] [2025-09-19T20:29:35.603Z] <<< [apiv2][body] GET https://serviceusage.googleapis.com/v1/projects/data-49543/services/firebasestorage.googleapis.com [omitted]
[info] +  storage: required API firebasestorage.googleapis.com is enabled 
[debug] [2025-09-19T20:29:35.613Z] Checked if tokens are valid: true, expires at: 1758317371438
[debug] [2025-09-19T20:29:35.613Z] Checked if tokens are valid: true, expires at: 1758317371438
[debug] [2025-09-19T20:29:35.614Z] >>> [apiv2][query] GET https://firebasestorage.googleapis.com/v1alpha/projects/data-49543/defaultBucket [none]
[debug] [2025-09-19T20:29:36.188Z] <<< [apiv2][status] GET https://firebasestorage.googleapis.com/v1alpha/projects/data-49543/defaultBucket 200
[debug] [2025-09-19T20:29:36.189Z] <<< [apiv2][body] GET https://firebasestorage.googleapis.com/v1alpha/projects/data-49543/defaultBucket {"name":"projects/data-49543/defaultBucket","location":"EU","bucket":{"name":"projects/data-49543/buckets/data-49543.firebasestorage.app"},"storageClass":"MULTI_REGIONAL"}
[info] i  firebase.storage: checking storage.rules for compilation errors... 
[debug] [2025-09-19T20:29:36.190Z] Checked if tokens are valid: true, expires at: 1758317371438
[debug] [2025-09-19T20:29:36.190Z] Checked if tokens are valid: true, expires at: 1758317371438
[debug] [2025-09-19T20:29:36.190Z] >>> [apiv2][query] POST https://firebaserules.googleapis.com/v1/projects/data-49543:test [none]
[debug] [2025-09-19T20:29:36.191Z] >>> [apiv2][body] POST https://firebaserules.googleapis.com/v1/projects/data-49543:test [omitted]
[debug] [2025-09-19T20:29:37.148Z] <<< [apiv2][status] POST https://firebaserules.googleapis.com/v1/projects/data-49543:test 200
[debug] [2025-09-19T20:29:37.148Z] <<< [apiv2][body] POST https://firebaserules.googleapis.com/v1/projects/data-49543:test {}
[info] +  firebase.storage: rules file storage.rules compiled successfully 
[debug] [2025-09-19T20:29:37.150Z] Checked if tokens are valid: true, expires at: 1758317371438
[debug] [2025-09-19T20:29:37.151Z] Checked if tokens are valid: true, expires at: 1758317371438
[debug] [2025-09-19T20:29:37.152Z] >>> [apiv2][query] GET https://firebaserules.googleapis.com/v1/projects/data-49543/releases pageSize=10&pageToken=
[debug] [2025-09-19T20:29:37.884Z] <<< [apiv2][status] GET https://firebaserules.googleapis.com/v1/projects/data-49543/releases 200
[debug] [2025-09-19T20:29:37.884Z] <<< [apiv2][body] GET https://firebaserules.googleapis.com/v1/projects/data-49543/releases {"releases":[{"name":"projects/data-49543/releases/cloud.firestore","rulesetName":"projects/data-49543/rulesets/118653be-4c68-4e9a-b156-ac1ef5d019c7","createTime":"2025-04-13T21:54:15.727811Z","updateTime":"2025-09-18T16:59:18.788581Z"},{"name":"projects/data-49543/releases/firebase.storage/data-49543.firebasestorage.app","rulesetName":"projects/data-49543/rulesets/a0fe7efc-16f6-46a7-a1e5-69e664d19867","createTime":"2025-09-13T07:49:52.951382Z","updateTime":"2025-09-13T07:50:40.139082Z"}]}
[debug] [2025-09-19T20:29:37.897Z] Checked if tokens are valid: true, expires at: 1758317371438
[debug] [2025-09-19T20:29:37.898Z] Checked if tokens are valid: true, expires at: 1758317371438
[debug] [2025-09-19T20:29:37.898Z] >>> [apiv2][query] GET https://firebaserules.googleapis.com/v1/projects/data-49543/rulesets/a0fe7efc-16f6-46a7-a1e5-69e664d19867 [none]
[debug] [2025-09-19T20:29:38.627Z] <<< [apiv2][status] GET https://firebaserules.googleapis.com/v1/projects/data-49543/rulesets/a0fe7efc-16f6-46a7-a1e5-69e664d19867 200
[debug] [2025-09-19T20:29:38.627Z] <<< [apiv2][body] GET https://firebaserules.googleapis.com/v1/projects/data-49543/rulesets/a0fe7efc-16f6-46a7-a1e5-69e664d19867 [omitted]
[info] i  storage: uploading rules storage.rules... 
[debug] [2025-09-19T20:29:38.629Z] Checked if tokens are valid: true, expires at: 1758317371438
[debug] [2025-09-19T20:29:38.629Z] Checked if tokens are valid: true, expires at: 1758317371438
[debug] [2025-09-19T20:29:38.629Z] >>> [apiv2][query] POST https://firebaserules.googleapis.com/v1/projects/data-49543/rulesets [none]
[debug] [2025-09-19T20:29:38.629Z] >>> [apiv2][body] POST https://firebaserules.googleapis.com/v1/projects/data-49543/rulesets [omitted]
[debug] [2025-09-19T20:29:39.518Z] <<< [apiv2][status] POST https://firebaserules.googleapis.com/v1/projects/data-49543/rulesets 200
[debug] [2025-09-19T20:29:39.518Z] <<< [apiv2][body] POST https://firebaserules.googleapis.com/v1/projects/data-49543/rulesets {"name":"projects/data-49543/rulesets/28b15eb1-f2ba-45b4-9e01-58b585b42f87","source":{"files":[{"content":"\nrules_version = '2';\nservice firebase.storage {\n  match /b/{bucket}/o {\n    match /{allPaths=**} {\n      allow read, write: if request.auth != null;\n    }\n  }\n}\n","name":"storage.rules"}]},"createTime":"2025-09-19T20:29:40.037231Z","metadata":{"services":["firebase.storage"]}}
[debug] [2025-09-19T20:29:39.518Z] [rules] created ruleset projects/data-49543/rulesets/28b15eb1-f2ba-45b4-9e01-58b585b42f87
[debug] [2025-09-19T20:29:39.519Z] [rules] releasing firebase.storage/data-49543.firebasestorage.app with ruleset projects/data-49543/rulesets/28b15eb1-f2ba-45b4-9e01-58b585b42f87
[debug] [2025-09-19T20:29:39.521Z] Checked if tokens are valid: true, expires at: 1758317371438
[debug] [2025-09-19T20:29:39.521Z] Checked if tokens are valid: true, expires at: 1758317371438
[debug] [2025-09-19T20:29:39.522Z] >>> [apiv2][query] PATCH https://firebaserules.googleapis.com/v1/projects/data-49543/releases/firebase.storage/data-49543.firebasestorage.app [none]
[debug] [2025-09-19T20:29:39.522Z] >>> [apiv2][body] PATCH https://firebaserules.googleapis.com/v1/projects/data-49543/releases/firebase.storage/data-49543.firebasestorage.app {"release":{"name":"projects/data-49543/releases/firebase.storage/data-49543.firebasestorage.app","rulesetName":"projects/data-49543/rulesets/28b15eb1-f2ba-45b4-9e01-58b585b42f87"}}
[debug] [2025-09-19T20:29:40.437Z] <<< [apiv2][status] PATCH https://firebaserules.googleapis.com/v1/projects/data-49543/releases/firebase.storage/data-49543.firebasestorage.app 200
[debug] [2025-09-19T20:29:40.437Z] <<< [apiv2][body] PATCH https://firebaserules.googleapis.com/v1/projects/data-49543/releases/firebase.storage/data-49543.firebasestorage.app {"name":"projects/data-49543/releases/firebase.storage/data-49543.firebasestorage.app","rulesetName":"projects/data-49543/rulesets/28b15eb1-f2ba-45b4-9e01-58b585b42f87","createTime":"2025-09-13T07:49:52.951382Z","updateTime":"2025-09-19T20:29:40.947974Z"}
[debug] [2025-09-19T20:29:40.438Z] [rules] updated release projects/data-49543/releases/firebase.storage/data-49543.firebasestorage.app
[info] +  storage: released rules storage.rules to firebase.storage 
[info] 
[info] +  Deploy complete! 
[info] 
[info] Project Console: https://console.firebase.google.com/project/data-49543/overview
[debug] [2025-09-19T21:12:59.295Z] ----------------------------------------------------------------------
[debug] [2025-09-19T21:12:59.299Z] Command:       C:\Program Files\nodejs\node.exe C:\Users\Arif Kabakçı\AppData\Roaming\npm\node_modules\firebase-tools\lib\bin\firebase.js deploy --only firestore --config project/firebase.json
[debug] [2025-09-19T21:12:59.300Z] CLI Version:   14.15.2
[debug] [2025-09-19T21:12:59.300Z] Platform:      win32
[debug] [2025-09-19T21:12:59.300Z] Node Version:  v22.17.0
[debug] [2025-09-19T21:12:59.300Z] Time:          Sat Sep 20 2025 00:12:59 GMT+0300 (GMT+03:00)
[debug] [2025-09-19T21:12:59.300Z] ----------------------------------------------------------------------
[debug] 
[debug] [2025-09-19T21:12:59.459Z] Object "/storage" in "firebase.json" has unknown property: {"additionalProperty":"cors"}
[debug] [2025-09-19T21:12:59.459Z] Field "/storage" in "firebase.json" is possibly invalid: must be array
[debug] [2025-09-19T21:12:59.460Z] Field "/storage" in "firebase.json" is possibly invalid: must match a schema in anyOf
[debug] [2025-09-19T21:12:59.464Z] > command requires scopes: ["email","openid","https://www.googleapis.com/auth/cloudplatformprojects.readonly","https://www.googleapis.com/auth/firebase","https://www.googleapis.com/auth/cloud-platform"]
[debug] [2025-09-19T21:12:59.464Z] > authorizing via signed-in user (315kabakc@gmail.com)
[debug] [2025-09-19T21:12:59.464Z] [iam] checking project data-49543 for permissions ["datastore.indexes.create","datastore.indexes.delete","datastore.indexes.list","datastore.indexes.update","firebase.projects.get"]
[debug] [2025-09-19T21:12:59.465Z] Checked if tokens are valid: true, expires at: 1758317371438
[debug] [2025-09-19T21:12:59.465Z] Checked if tokens are valid: true, expires at: 1758317371438
[debug] [2025-09-19T21:12:59.466Z] >>> [apiv2][query] POST https://cloudresourcemanager.googleapis.com/v1/projects/data-49543:testIamPermissions [none]
[debug] [2025-09-19T21:12:59.466Z] >>> [apiv2][(partial)header] POST https://cloudresourcemanager.googleapis.com/v1/projects/data-49543:testIamPermissions x-goog-quota-user=projects/data-49543
[debug] [2025-09-19T21:12:59.467Z] >>> [apiv2][body] POST https://cloudresourcemanager.googleapis.com/v1/projects/data-49543:testIamPermissions {"permissions":["datastore.indexes.create","datastore.indexes.delete","datastore.indexes.list","datastore.indexes.update","firebase.projects.get"]}
[debug] [2025-09-19T21:13:00.508Z] <<< [apiv2][status] POST https://cloudresourcemanager.googleapis.com/v1/projects/data-49543:testIamPermissions 200
[debug] [2025-09-19T21:13:00.508Z] <<< [apiv2][body] POST https://cloudresourcemanager.googleapis.com/v1/projects/data-49543:testIamPermissions {"permissions":["datastore.indexes.create","datastore.indexes.delete","datastore.indexes.list","datastore.indexes.update","firebase.projects.get"]}
[info] 
[info] === Deploying to 'data-49543'...
[info] 
[info] i  deploying firestore 
[info] i  cloud.firestore: checking firestore.rules for compilation errors... 
[debug] [2025-09-19T21:13:00.510Z] Checked if tokens are valid: true, expires at: 1758317371438
[debug] [2025-09-19T21:13:00.510Z] Checked if tokens are valid: true, expires at: 1758317371438
[debug] [2025-09-19T21:13:00.510Z] >>> [apiv2][query] POST https://firebaserules.googleapis.com/v1/projects/data-49543:test [none]
[debug] [2025-09-19T21:13:00.511Z] >>> [apiv2][body] POST https://firebaserules.googleapis.com/v1/projects/data-49543:test [omitted]
[debug] [2025-09-19T21:13:01.515Z] <<< [apiv2][status] POST https://firebaserules.googleapis.com/v1/projects/data-49543:test 200
[debug] [2025-09-19T21:13:01.515Z] <<< [apiv2][body] POST https://firebaserules.googleapis.com/v1/projects/data-49543:test {}
[info] +  cloud.firestore: rules file firestore.rules compiled successfully 
[debug] [2025-09-19T21:13:01.516Z] Checked if tokens are valid: true, expires at: 1758317371438
[debug] [2025-09-19T21:13:01.516Z] Checked if tokens are valid: true, expires at: 1758317371438
[debug] [2025-09-19T21:13:01.516Z] >>> [apiv2][query] GET https://firestore.googleapis.com/v1/projects/data-49543/databases/(default) [none]
[debug] [2025-09-19T21:13:01.951Z] <<< [apiv2][status] GET https://firestore.googleapis.com/v1/projects/data-49543/databases/(default) 200
[debug] [2025-09-19T21:13:01.952Z] <<< [apiv2][body] GET https://firestore.googleapis.com/v1/projects/data-49543/databases/(default) {"name":"projects/data-49543/databases/(default)","uid":"f1f8081d-bc88-42be-af4c-334ad6aabacc","createTime":"2025-04-13T21:54:12.383593Z","updateTime":"2025-04-13T21:54:12.383593Z","locationId":"eur3","type":"FIRESTORE_NATIVE","concurrencyMode":"PESSIMISTIC","versionRetentionPeriod":"3600s","earliestVersionTime":"2025-09-19T20:13:02.465973Z","appEngineIntegrationMode":"DISABLED","keyPrefix":"e","pointInTimeRecoveryEnablement":"POINT_IN_TIME_RECOVERY_DISABLED","deleteProtectionState":"DELETE_PROTECTION_DISABLED","databaseEdition":"STANDARD","freeTier":true,"etag":"ILbbhPve5Y8DMJ3Po7fq+4wD"}
[debug] [2025-09-19T21:13:01.953Z] Checked if tokens are valid: true, expires at: 1758317371438
[debug] [2025-09-19T21:13:01.953Z] Checked if tokens are valid: true, expires at: 1758317371438
[debug] [2025-09-19T21:13:01.953Z] >>> [apiv2][query] GET https://firebaserules.googleapis.com/v1/projects/data-49543/releases pageSize=10&pageToken=
[debug] [2025-09-19T21:13:02.719Z] <<< [apiv2][status] GET https://firebaserules.googleapis.com/v1/projects/data-49543/releases 200
[debug] [2025-09-19T21:13:02.719Z] <<< [apiv2][body] GET https://firebaserules.googleapis.com/v1/projects/data-49543/releases {"releases":[{"name":"projects/data-49543/releases/cloud.firestore","rulesetName":"projects/data-49543/rulesets/118653be-4c68-4e9a-b156-ac1ef5d019c7","createTime":"2025-04-13T21:54:15.727811Z","updateTime":"2025-09-18T16:59:18.788581Z"},{"name":"projects/data-49543/releases/firebase.storage/data-49543.firebasestorage.app","rulesetName":"projects/data-49543/rulesets/28b15eb1-f2ba-45b4-9e01-58b585b42f87","createTime":"2025-09-13T07:49:52.951382Z","updateTime":"2025-09-19T20:29:40.947974Z"}]}
[debug] [2025-09-19T21:13:02.740Z] Checked if tokens are valid: true, expires at: 1758317371438
[debug] [2025-09-19T21:13:02.740Z] Checked if tokens are valid: true, expires at: 1758317371438
[debug] [2025-09-19T21:13:02.740Z] >>> [apiv2][query] GET https://firebaserules.googleapis.com/v1/projects/data-49543/rulesets/118653be-4c68-4e9a-b156-ac1ef5d019c7 [none]
[debug] [2025-09-19T21:13:03.487Z] <<< [apiv2][status] GET https://firebaserules.googleapis.com/v1/projects/data-49543/rulesets/118653be-4c68-4e9a-b156-ac1ef5d019c7 200
[debug] [2025-09-19T21:13:03.487Z] <<< [apiv2][body] GET https://firebaserules.googleapis.com/v1/projects/data-49543/rulesets/118653be-4c68-4e9a-b156-ac1ef5d019c7 [omitted]
[info] i  firestore: uploading rules firestore.rules... 
[debug] [2025-09-19T21:13:03.490Z] Checked if tokens are valid: true, expires at: 1758317371438
[debug] [2025-09-19T21:13:03.490Z] Checked if tokens are valid: true, expires at: 1758317371438
[debug] [2025-09-19T21:13:03.492Z] >>> [apiv2][query] POST https://firebaserules.googleapis.com/v1/projects/data-49543/rulesets [none]
[debug] [2025-09-19T21:13:03.492Z] >>> [apiv2][body] POST https://firebaserules.googleapis.com/v1/projects/data-49543/rulesets [omitted]
[debug] [2025-09-19T21:13:03.981Z] <<< [apiv2][status] POST https://firebaserules.googleapis.com/v1/projects/data-49543/rulesets 200
[debug] [2025-09-19T21:13:03.981Z] <<< [apiv2][body] POST https://firebaserules.googleapis.com/v1/projects/data-49543/rulesets {"name":"projects/data-49543/rulesets/14d361a1-8345-44f2-b399-0da857c5d9bb","source":{"files":[{"content":"rules_version = '2';\n\nservice cloud.firestore {\n  match /databases/{database}/documents {\n    // Helper functions\n    function isAuthenticated() {\n      return request.auth != null;\n    }\n    \n    function isOwner(userId) {\n      return request.auth.uid == userId;\n    }\n\n    function isAdmin() {\n      // Check for admin role in the user's document in the 'users' collection\n      return get(/databases/$(database)/documents/users/$(request.auth.uid)).data.role == 'admin';\n    }\n\n    // Users collection rules\n    match /users/{userId} {\n      // Allow any authenticated user to read user data\n      allow read: if isAuthenticated();\n      \n      // Allow user creation during registration\n      allow create: if request.auth.uid == userId &&\n        request.resource.data.uid == userId &&\n        request.resource.data.email == request.auth.token.email &&\n        request.resource.data.role == 'user' &&\n        request.resource.data.createdAt is timestamp &&\n        request.resource.data.lastLogin is timestamp;\n      \n      // Allow users to update their own data and admins to update any user\n      allow update: if isAuthenticated() && (isOwner(userId) || isAdmin());\n      \n      // Allow admin to delete users\n      allow delete: if isAdmin();\n    }\n\n    // Books collection rules\n    match /books/{bookId} {\n      // Allow anyone to read books\n      allow read: if true;\n      \n      // Only admins can create, or delete books\n      allow create: if isAdmin();\n\n      allow delete: if isAdmin();\n\n      // Allow users to update ratings and admins to update any field\n      allow update: if isAdmin() || (isAuthenticated() && request.resource.data.diff(resource.data).affectedKeys().hasOnly(['ratings']));\n    }\n\n    // Authors collection rules\n    match /authors/{authorId} {\n      // Allow anyone to read authors\n      allow read: if true;\n      \n      // Only admins can create, update, or delete authors\n      allow create, update, delete: if isAdmin();\n    }\n\n    // Magazines collection rules\n    match /magazines/{magazineId} {\n      // Allow any authenticated user to read magazines\n      allow read: if isAuthenticated();\n      \n      // Only admins can create, update, or delete magazines\n      allow create, update, delete: if isAdmin();\n    }\n\n    // Reading Goals collection rules\n    match /readingGoals/{userId_goalType} {\n      allow read: if isAuthenticated() && request.auth.uid == userId_goalType.split('_')[0];\n      allow create: if isAuthenticated() && request.auth.uid == request.resource.data.userId;\n      allow update: if isAuthenticated() && request.auth.uid == resource.data.userId;\n      allow delete: if isAuthenticated() && request.auth.uid == resource.resource.data.userId;\n    }\n\n    // Events collection rules\n    match /events/{eventId} {\n      // Allow any authenticated user to read events\n      allow read: if isAuthenticated();\n      \n      // Only admins can create, update, or delete events\n      allow create, update, delete: if isAdmin();\n    }\n\n    // Event Registrations collection rules\n    match /eventRegistrations/{registrationId} {\n      // Allow admin to read all registrations, and users to read their own\n      allow read: if isAdmin() || (isAuthenticated() && resource.data.userId == request.auth.uid);\n\n      // Allow authenticated users to create their own registration\n      allow create: if isAuthenticated() && request.resource.data.userId == request.auth.uid;\n\n      // Allow users to delete their own registration, and admins to delete any\n      allow delete: if isAuthenticated() && (resource.data.userId == request.auth.uid || isAdmin());\n\n      // Do not allow updates\n      allow update: if false;\n    }\n\n    // Book statuses collection rules\n    match /bookStatuses/{bookId} {\n      // Allow any authenticated user to read book statuses\n      allow read: if isAuthenticated();\n      \n      // Allow authenticated users to create and update book statuses\n      allow create, update: if isAuthenticated();\n      \n      // Only admins can delete book statuses\n      allow delete: if isAdmin();\n    }\n\n    // User tasks collection rules\n    match /userTasks/{taskId} {\n      allow read: if isAuthenticated() && \n        (request.auth.uid == resource.data.userId || isAdmin());\n      \n      // Allow task creation during user registration and by the task owner\n      allow create: if isAuthenticated() && \n        request.auth.uid == request.resource.data.userId &&\n        request.resource.data.createdAt is timestamp &&\n        request.resource.data.lastReset is timestamp;\n      \n      allow update: if isAuthenticated() && \n        (request.auth.uid == resource.data.userId || isAdmin());\n      \n      allow delete: if isAdmin();\n    }\n\n    // User achievements collection rules\n    match /userAchievements/{achievementId} {\n      allow read: if isAuthenticated() && \n        (request.auth.uid == resource.data.userId || isAdmin());\n      \n      allow create: if isAuthenticated() && \n        request.auth.uid == request.resource.data.userId &&\n        request.resource.data.completedAt is timestamp;\n      \n      allow update: if isAuthenticated() && \n        (request.auth.uid == resource.data.userId || isAdmin());\n      \n      allow delete: if isAdmin();\n    }\n\n    // User events collection rules\n    match /userEvents/{document=**} {\n      // Allow read if authenticated and the document belongs to the user or is admin\n      allow read: if isAuthenticated() && \n        (request.auth.uid == resource.data.userId || isAdmin());\n      \n      // Allow create if authenticated and the user is creating their own event registration\n      allow create: if isAuthenticated() && \n        request.auth.uid == request.resource.data.userId &&\n        request.resource.data.registeredAt is timestamp;\n      \n      // Allow delete if authenticated and the document belongs to the user or is admin\n      allow delete: if isAuthenticated() && \n        (request.auth.uid == resource.data.userId || isAdmin());\n      \n      // Prevent updates to event registrations\n      allow update: if false;\n    }\n\n    // Requests collection rules\n    match /requests/{requestId} {\n      allow read: if isAuthenticated() && \n        (request.auth.uid == resource.data.userId || isAdmin());\n      \n      allow create: if isAuthenticated() && \n        request.auth.uid == request.resource.data.userId &&\n        request.resource.data.createdAt is timestamp &&\n        request.resource.data.title is string &&\n        request.resource.data.content is string &&\n        request.resource.data.priority in ['low', 'medium', 'high'] &&\n        request.resource.data.category in ['Kitap Önerisi', 'Teknik Sorun', 'Üyelik Bilgileri', 'Genel Geri Bildirim'] &&\n        request.resource.data.status == 'pending';\n      \n      allow update: if isAdmin();\n      allow delete: if isAdmin() || (isOwner(resource.data.userId) && resource.data.status == 'pending');\n    }\n\n    // Borrowed books collection rules\n    match /borrowedBooks/{borrowedId} {\n      allow read: if isAuthenticated() && (isOwner(resource.data.userId) || isAdmin());\n      \n      // Allow users to create their own borrow records, and admins to create for anyone\n      allow create: if isAuthenticated() && (request.auth.uid == request.resource.data.userId || isAdmin());\n      \n      // Allow admins and book owners to update records\n      allow update: if isAuthenticated() && (\n        isAdmin() ||\n        (isOwner(resource.data.userId) &&\n          request.resource.data.diff(resource.data).affectedKeys()\n            .hasOnly(['extended', 'dueDate', 'returnStatus']) &&\n          (\n            (request.resource.data.extended == true && !resource.data.extended) ||\n            request.resource.data.returnStatus in ['borrowed', 'returned', 'pending']\n          ))\n      );\n      \n      // Allow admins to delete borrowed book records\n      allow delete: if isAdmin();\n    }\n\n    // Borrow messages collection rules\n    match /borrowMessages/{messageId} {\n      // Allow any authenticated user to read all borrow messages\n      allow read: if isAuthenticated();\n      \n      // Allow users to create borrow requests\n      allow create: if isAuthenticated() &&\n        request.auth.uid == request.resource.data.userId &&\n        request.resource.data.createdAt is timestamp &&\n        request.resource.data.status == 'pending';\n      \n      // Allow admins to update borrow messages\n      allow update: if isAuthenticated() && isAdmin();\n      allow delete: if isAdmin();\n    }\n\n    // Return messages collection rules\n    match /returnMessages/{messageId} {\n      allow read: if isAuthenticated() && \n        (request.auth.uid == resource.data.userId || isAdmin());\n      \n      allow create: if isAuthenticated() &&\n        request.auth.uid == request.resource.data.userId &&\n        request.resource.data.createdAt is timestamp &&\n        request.resource.data.status == 'pending';\n      \n      // Allow admins to update return messages\n      allow update: if isAdmin();\n      allow delete: if isAdmin();\n    }\n\n    // Quotes collection rules\n    match /quotes/{quoteId} {\n      allow read: if isAuthenticated();\n      allow write: if isAdmin();\n    }\n\n    // Leaderboards collection rules\n    match /leaderboards/{leaderboardId} {\n      allow read: if isAuthenticated();\n      allow write: if isAdmin();\n    }\n\n    // Favorites collection rules\n    match /favorites/{favoriteId} {\n      allow read: if isAuthenticated() && request.auth.uid == resource.data.userId;\n      allow create: if isAuthenticated() && request.auth.uid == request.resource.data.userId &&\n        request.resource.data.bookId is string &&\n        request.resource.data.favoritedAt is timestamp;\n      allow update: if isAuthenticated() && request.auth.uid == resource.data.userId\n                    && request.resource.data.diff(resource.data).affectedKeys().hasOnly(['note'])\n                    && request.resource.data.note is string;\n      allow delete: if isAuthenticated() && request.auth.uid == resource.data.userId;\n    }\n\n    // Surveys collection rules\n    match /surveys/{surveyId} {\n      // Allow any authenticated user to read surveys\n      allow read: if isAuthenticated();\n      \n      // Only admins can create, update, or delete surveys\n      allow create, update, delete: if isAdmin();\n    }\n\n    // Announcements collection rules\n    match /announcements/{announcementId} {\n      // Allow anyone to read announcements\n      allow read: if true;\n      \n      // Only admins can create, update, or delete announcements\n      allow create, update, delete: if isAdmin();\n    }\n\n    // Reviews collection rules\n    match /reviews/{reviewId} {\n      // Logged-in users can read approved reviews. Admins can read all.\n      allow read: if (resource.data.status == 'approved' && isAuthenticated()) || isAdmin();\n\n      // Authenticated users can create their own reviews\n      allow create: if isAuthenticated()\n                    && request.auth.uid == request.resource.data.userId\n                    && request.resource.data.userDisplayName is string\n                    && request.resource.data.bookId is string\n                    && request.resource.data.rating is number\n                    && request.resource.data.rating >= 1 && request.resource.data.rating <= 5\n                    && request.resource.data.reviewText is string\n                    && request.resource.data.reviewText.size() <= 1000\n                    && request.resource.data.createdAt is timestamp\n                    && request.resource.data.status == 'pending';\n\n      // Allow users to update the helpfulVotes array, but only to add their own UID.\n      allow update: if isAuthenticated()\n                    && request.resource.data.diff(resource.data).affectedKeys().hasOnly(['helpfulVotes'])\n                    && request.resource.data.helpfulVotes.hasAll(resource.data.helpfulVotes)\n                    && request.resource.data.helpfulVotes.size() == resource.data.helpfulVotes.size() + 1\n                    && request.auth.uid in request.resource.data.helpfulVotes;\n\n      // Admins can update status or delete.\n      allow update, delete: if isAdmin();\n    }\n\n    // Allow admin to read all collections for reporting\n    match /{document=**} {\n      allow read: if isAdmin();\n    }\n  }\n}","name":"firestore.rules"}]},"createTime":"2025-09-19T21:13:04.405311Z","metadata":{"services":["cloud.firestore"]}}
[debug] [2025-09-19T21:13:03.982Z] [rules] created ruleset projects/data-49543/rulesets/14d361a1-8345-44f2-b399-0da857c5d9bb
[info] i  firestore: deploying indexes... 
[debug] [2025-09-19T21:13:03.982Z] [rules] releasing cloud.firestore/(default) with ruleset projects/data-49543/rulesets/14d361a1-8345-44f2-b399-0da857c5d9bb
[debug] [2025-09-19T21:13:03.983Z] Checked if tokens are valid: true, expires at: 1758317371438
[debug] [2025-09-19T21:13:03.983Z] Checked if tokens are valid: true, expires at: 1758317371438
[debug] [2025-09-19T21:13:03.983Z] >>> [apiv2][query] PATCH https://firebaserules.googleapis.com/v1/projects/data-49543/releases/cloud.firestore/(default) [none]
[debug] [2025-09-19T21:13:03.983Z] >>> [apiv2][body] PATCH https://firebaserules.googleapis.com/v1/projects/data-49543/releases/cloud.firestore/(default) {"release":{"name":"projects/data-49543/releases/cloud.firestore/(default)","rulesetName":"projects/data-49543/rulesets/14d361a1-8345-44f2-b399-0da857c5d9bb"}}
[debug] [2025-09-19T21:13:04.992Z] <<< [apiv2][status] PATCH https://firebaserules.googleapis.com/v1/projects/data-49543/releases/cloud.firestore/(default) 200
[debug] [2025-09-19T21:13:04.993Z] <<< [apiv2][body] PATCH https://firebaserules.googleapis.com/v1/projects/data-49543/releases/cloud.firestore/(default) {"name":"projects/data-49543/releases/cloud.firestore","rulesetName":"projects/data-49543/rulesets/14d361a1-8345-44f2-b399-0da857c5d9bb","createTime":"2025-04-13T21:54:15.727811Z","updateTime":"2025-09-19T21:13:05.427235Z"}
[debug] [2025-09-19T21:13:04.994Z] [rules] updated release projects/data-49543/releases/cloud.firestore
[info] +  firestore: released rules firestore.rules to cloud.firestore 
[info] 
[info] +  Deploy complete! 
[info] 
[info] Project Console: https://console.firebase.google.com/project/data-49543/overview
[debug] [2025-09-20T18:16:54.071Z] ----------------------------------------------------------------------
[debug] [2025-09-20T18:16:54.074Z] Command:       C:\Program Files\nodejs\node.exe C:\Users\Arif Kabakçı\AppData\Roaming\npm\node_modules\firebase-tools\lib\bin\firebase.js deploy --only firestore:rules
[debug] [2025-09-20T18:16:54.074Z] CLI Version:   14.15.2
[debug] [2025-09-20T18:16:54.074Z] Platform:      win32
[debug] [2025-09-20T18:16:54.074Z] Node Version:  v22.17.0
[debug] [2025-09-20T18:16:54.075Z] Time:          Sat Sep 20 2025 21:16:54 GMT+0300 (GMT+03:00)
[debug] [2025-09-20T18:16:54.075Z] ----------------------------------------------------------------------
[debug] 
[error] 
[error] Error: Not in a Firebase app directory (could not locate firebase.json)
[debug] [2025-09-28T18:33:56.069Z] ----------------------------------------------------------------------
[debug] [2025-09-28T18:33:56.071Z] Command:       C:\Program Files\nodejs\node.exe C:\Users\Arif Kabakçı\AppData\Roaming\npm\node_modules\firebase-tools\lib\bin\firebase.js functions:delete getImportJobStatus --region us-central1 --force
[debug] [2025-09-28T18:33:56.072Z] CLI Version:   14.15.2
[debug] [2025-09-28T18:33:56.072Z] Platform:      win32
[debug] [2025-09-28T18:33:56.072Z] Node Version:  v22.17.0
[debug] [2025-09-28T18:33:56.072Z] Time:          Sun Sep 28 2025 21:33:56 GMT+0300 (GMT+03:00)
[debug] [2025-09-28T18:33:56.072Z] ----------------------------------------------------------------------
[debug] 
[error] 
[error] Error: No currently active project.
To run this command, you need to specify a project. You have two options:
- Run this command with --project <alias_or_project_id>.
- Set an active project by running firebase use --add, then rerun this command.
To list all the Firebase projects to which you have access, run firebase projects:list.
To learn about active projects for the CLI, visit https://firebase.google.com/docs/cli#project_aliases


[debug] [2025-09-28T18:34:10.467Z] ----------------------------------------------------------------------
[debug] [2025-09-28T18:34:10.470Z] Command:       C:\Program Files\nodejs\node.exe C:\Users\Arif Kabakçı\AppData\Roaming\npm\node_modules\firebase-tools\lib\bin\firebase.js functions:delete getImportJobStatus --region us-central1 --project data-49543 --force
[debug] [2025-09-28T18:34:10.470Z] CLI Version:   14.15.2
[debug] [2025-09-28T18:34:10.470Z] Platform:      win32
[debug] [2025-09-28T18:34:10.470Z] Node Version:  v22.17.0
[debug] [2025-09-28T18:34:10.470Z] Time:          Sun Sep 28 2025 21:34:10 GMT+0300 (GMT+03:00)
[debug] [2025-09-28T18:34:10.470Z] ----------------------------------------------------------------------
[debug] 
[debug] [2025-09-28T18:34:10.475Z] > command requires scopes: ["email","openid","https://www.googleapis.com/auth/cloudplatformprojects.readonly","https://www.googleapis.com/auth/firebase","https://www.googleapis.com/auth/cloud-platform"]
[debug] [2025-09-28T18:34:10.477Z] > authorizing via signed-in user (315kabakc@gmail.com)
[debug] [2025-09-28T18:34:10.477Z] [iam] checking project data-49543 for permissions ["cloudfunctions.functions.delete","cloudfunctions.functions.list","firebase.projects.get"]
[debug] [2025-09-28T18:34:10.478Z] Checked if tokens are valid: true, expires at: 1759087938227
[debug] [2025-09-28T18:34:10.478Z] Checked if tokens are valid: true, expires at: 1759087938227
[debug] [2025-09-28T18:34:10.479Z] >>> [apiv2][query] POST https://cloudresourcemanager.googleapis.com/v1/projects/data-49543:testIamPermissions [none]
[debug] [2025-09-28T18:34:10.479Z] >>> [apiv2][(partial)header] POST https://cloudresourcemanager.googleapis.com/v1/projects/data-49543:testIamPermissions x-goog-quota-user=projects/data-49543
[debug] [2025-09-28T18:34:10.479Z] >>> [apiv2][body] POST https://cloudresourcemanager.googleapis.com/v1/projects/data-49543:testIamPermissions {"permissions":["cloudfunctions.functions.delete","cloudfunctions.functions.list","firebase.projects.get"]}
[debug] [2025-09-28T18:34:11.590Z] <<< [apiv2][status] POST https://cloudresourcemanager.googleapis.com/v1/projects/data-49543:testIamPermissions 200
[debug] [2025-09-28T18:34:11.590Z] <<< [apiv2][body] POST https://cloudresourcemanager.googleapis.com/v1/projects/data-49543:testIamPermissions {"permissions":["cloudfunctions.functions.delete","cloudfunctions.functions.list","firebase.projects.get"]}
[debug] [2025-09-28T18:34:11.591Z] Checked if tokens are valid: true, expires at: 1759087938227
[debug] [2025-09-28T18:34:11.591Z] Checked if tokens are valid: true, expires at: 1759087938227
[debug] [2025-09-28T18:34:11.591Z] Checked if tokens are valid: true, expires at: 1759087938227
[debug] [2025-09-28T18:34:11.591Z] Checked if tokens are valid: true, expires at: 1759087938227
[debug] [2025-09-28T18:34:11.591Z] >>> [apiv2][query] GET https://firebase.googleapis.com/v1beta1/projects/data-49543/adminSdkConfig [none]
[debug] [2025-09-28T18:34:11.592Z] >>> [apiv2][query] GET https://cloudfunctions.googleapis.com/v1/projects/data-49543/locations/-/functions [none]
[debug] [2025-09-28T18:34:12.195Z] <<< [apiv2][status] GET https://firebase.googleapis.com/v1beta1/projects/data-49543/adminSdkConfig 200
[debug] [2025-09-28T18:34:12.196Z] <<< [apiv2][body] GET https://firebase.googleapis.com/v1beta1/projects/data-49543/adminSdkConfig {"projectId":"data-49543","storageBucket":"data-49543.firebasestorage.app"}
[debug] [2025-09-28T18:34:12.405Z] <<< [apiv2][status] GET https://cloudfunctions.googleapis.com/v1/projects/data-49543/locations/-/functions 200
[debug] [2025-09-28T18:34:12.405Z] <<< [apiv2][body] GET https://cloudfunctions.googleapis.com/v1/projects/data-49543/locations/-/functions {}
[debug] [2025-09-28T18:34:12.405Z] Checked if tokens are valid: true, expires at: 1759087938227
[debug] [2025-09-28T18:34:12.406Z] Checked if tokens are valid: true, expires at: 1759087938227
[debug] [2025-09-28T18:34:12.406Z] >>> [apiv2][query] GET https://cloudfunctions.googleapis.com/v2/projects/data-49543/locations/-/functions filter=environment%3D%22GEN_2%22
[debug] [2025-09-28T18:34:13.493Z] <<< [apiv2][status] GET https://cloudfunctions.googleapis.com/v2/projects/data-49543/locations/-/functions 200
[debug] [2025-09-28T18:34:13.494Z] <<< [apiv2][body] GET https://cloudfunctions.googleapis.com/v2/projects/data-49543/locations/-/functions {"functions":[{"name":"projects/data-49543/locations/us-central1/functions/deleteUser","buildConfig":{"build":"projects/172190505514/locations/us-central1/builds/dfb686c1-80d2-4149-a335-a3e3390044dc","runtime":"nodejs22","entryPoint":"deleteUser","source":{"storageSource":{"bucket":"gcf-v2-sources-172190505514-us-central1","object":"deleteUser/function-source.zip","generation":"1758052530884532"}},"environmentVariables":{"GOOGLE_NODE_RUN_SCRIPTS":""},"dockerRepository":"projects/data-49543/locations/us-central1/repositories/gcf-artifacts","sourceProvenance":{"resolvedStorageSource":{"bucket":"gcf-v2-sources-172190505514-us-central1","object":"deleteUser/function-source.zip","generation":"1758052530884532"}},"dockerRegistry":"ARTIFACT_REGISTRY","serviceAccount":"projects/data-49543/serviceAccounts/172190505514-compute@developer.gserviceaccount.com","automaticUpdatePolicy":{}},"serviceConfig":{"service":"projects/data-49543/locations/us-central1/services/deleteuser","timeoutSeconds":60,"environmentVariables":{"FIREBASE_CONFIG":"{\"projectId\":\"data-49543\",\"storageBucket\":\"data-49543.firebasestorage.app\"}","GCLOUD_PROJECT":"data-49543","EVENTARC_CLOUD_EVENT_SOURCE":"projects/data-49543/locations/us-central1/services/deleteUser","FUNCTION_TARGET":"deleteUser","LOG_EXECUTION_ID":"true","FUNCTION_SIGNATURE_TYPE":"http"},"maxInstanceCount":20,"ingressSettings":"ALLOW_ALL","uri":"https://deleteuser-3bxsxusbla-uc.a.run.app","serviceAccountEmail":"172190505514-compute@developer.gserviceaccount.com","availableMemory":"256Mi","allTrafficOnLatestRevision":true,"revision":"deleteuser-00005-xow","maxInstanceRequestConcurrency":80,"availableCpu":"1"},"state":"ACTIVE","updateTime":"2025-09-16T19:55:38.222358127Z","labels":{"deployment-tool":"cli-firebase","deployment-callable":"true","firebase-functions-hash":"7cdf65ccf250bea2f22b406ff948b2efc8327779"},"environment":"GEN_2","url":"https://us-central1-data-49543.cloudfunctions.net/deleteUser","createTime":"2025-09-13T13:46:32.927551613Z","satisfiesPzi":true},{"name":"projects/data-49543/locations/us-central1/functions/updateMonthlyLeaderboard","buildConfig":{"build":"projects/172190505514/locations/us-central1/builds/dfb686c1-80d2-4149-a335-a3e3390044dc","runtime":"nodejs22","entryPoint":"updateMonthlyLeaderboard","source":{"storageSource":{"bucket":"gcf-v2-sources-172190505514-us-central1","object":"updateMonthlyLeaderboard/function-source.zip","generation":"1758052466791666"}},"environmentVariables":{"GOOGLE_NODE_RUN_SCRIPTS":""},"dockerRepository":"projects/data-49543/locations/us-central1/repositories/gcf-artifacts","sourceProvenance":{"resolvedStorageSource":{"bucket":"gcf-v2-sources-172190505514-us-central1","object":"updateMonthlyLeaderboard/function-source.zip","generation":"1758052466791666"}},"dockerRegistry":"ARTIFACT_REGISTRY","serviceAccount":"projects/data-49543/serviceAccounts/172190505514-compute@developer.gserviceaccount.com","automaticUpdatePolicy":{}},"serviceConfig":{"service":"projects/data-49543/locations/us-central1/services/updatemonthlyleaderboard","timeoutSeconds":60,"environmentVariables":{"FIREBASE_CONFIG":"{\"projectId\":\"data-49543\",\"storageBucket\":\"data-49543.firebasestorage.app\"}","GCLOUD_PROJECT":"data-49543","EVENTARC_CLOUD_EVENT_SOURCE":"projects/data-49543/locations/us-central1/services/updateMonthlyLeaderboard","FUNCTION_TARGET":"updateMonthlyLeaderboard","LOG_EXECUTION_ID":"true"},"maxInstanceCount":20,"ingressSettings":"ALLOW_ALL","uri":"https://updatemonthlyleaderboard-3bxsxusbla-uc.a.run.app","serviceAccountEmail":"172190505514-compute@developer.gserviceaccount.com","availableMemory":"256Mi","allTrafficOnLatestRevision":true,"revision":"updatemonthlyleaderboard-00001-ram","maxInstanceRequestConcurrency":80,"availableCpu":"1"},"state":"ACTIVE","updateTime":"2025-09-16T19:55:34.471181608Z","labels":{"firebase-functions-hash":"7cdf65ccf250bea2f22b406ff948b2efc8327779","deployment-tool":"cli-firebase","deployment-scheduled":"true"},"environment":"GEN_2","url":"https://us-central1-data-49543.cloudfunctions.net/updateMonthlyLeaderboard","createTime":"2025-09-16T19:54:27.032965531Z","satisfiesPzi":true},{"name":"projects/data-49543/locations/us-central1/functions/startBulkImport","buildConfig":{"build":"projects/172190505514/locations/us-central1/builds/50f12ce1-7c50-428e-bfa8-ca56fec7e896","runtime":"nodejs22","entryPoint":"startBulkImport","source":{"storageSource":{"bucket":"gcf-v2-sources-172190505514-us-central1","object":"startBulkImport/function-source.zip","generation":"1757839600530001"}},"environmentVariables":{"GOOGLE_NODE_RUN_SCRIPTS":""},"dockerRepository":"projects/data-49543/locations/us-central1/repositories/gcf-artifacts","sourceProvenance":{"resolvedStorageSource":{"bucket":"gcf-v2-sources-172190505514-us-central1","object":"startBulkImport/function-source.zip","generation":"1757839600530001"}},"dockerRegistry":"ARTIFACT_REGISTRY","serviceAccount":"projects/data-49543/serviceAccounts/172190505514-compute@developer.gserviceaccount.com","automaticUpdatePolicy":{}},"serviceConfig":{"service":"projects/data-49543/locations/us-central1/services/startbulkimport","timeoutSeconds":60,"environmentVariables":{"FIREBASE_CONFIG":"{\"projectId\":\"data-49543\",\"storageBucket\":\"data-49543.firebasestorage.app\"}","GCLOUD_PROJECT":"data-49543","EVENTARC_CLOUD_EVENT_SOURCE":"projects/data-49543/locations/us-central1/services/startBulkImport","FUNCTION_TARGET":"startBulkImport","LOG_EXECUTION_ID":"true"},"maxInstanceCount":20,"ingressSettings":"ALLOW_ALL","uri":"https://startbulkimport-3bxsxusbla-uc.a.run.app","serviceAccountEmail":"172190505514-compute@developer.gserviceaccount.com","availableMemory":"256Mi","allTrafficOnLatestRevision":true,"revision":"startbulkimport-00001-yos","maxInstanceRequestConcurrency":80,"availableCpu":"1"},"state":"ACTIVE","updateTime":"2025-09-14T08:47:42.427866202Z","labels":{"deployment-tool":"cli-firebase","deployment-callable":"true","firebase-functions-hash":"6943886a2b19243de7d3be406b97243fc72fae02"},"environment":"GEN_2","url":"https://us-central1-data-49543.cloudfunctions.net/startBulkImport","createTime":"2025-09-14T08:46:40.819515141Z","satisfiesPzi":true},{"name":"projects/data-49543/locations/us-central1/functions/getImportJobStatus","buildConfig":{"build":"projects/172190505514/locations/us-central1/builds/50f12ce1-7c50-428e-bfa8-ca56fec7e896","runtime":"nodejs22","entryPoint":"getImportJobStatus","source":{"storageSource":{"bucket":"gcf-v2-sources-172190505514-us-central1","object":"getImportJobStatus/function-source.zip","generation":"1757839654637953"}},"environmentVariables":{"GOOGLE_NODE_RUN_SCRIPTS":""},"dockerRepository":"projects/data-49543/locations/us-central1/repositories/gcf-artifacts","sourceProvenance":{"resolvedStorageSource":{"bucket":"gcf-v2-sources-172190505514-us-central1","object":"getImportJobStatus/function-source.zip","generation":"1757839654637953"}},"dockerRegistry":"ARTIFACT_REGISTRY","serviceAccount":"projects/data-49543/serviceAccounts/172190505514-compute@developer.gserviceaccount.com","automaticUpdatePolicy":{}},"serviceConfig":{"service":"projects/data-49543/locations/us-central1/services/getimportjobstatus","timeoutSeconds":60,"environmentVariables":{"FIREBASE_CONFIG":"{\"projectId\":\"data-49543\",\"storageBucket\":\"data-49543.firebasestorage.app\"}","GCLOUD_PROJECT":"data-49543","EVENTARC_CLOUD_EVENT_SOURCE":"projects/data-49543/locations/us-central1/services/getImportJobStatus","FUNCTION_TARGET":"getImportJobStatus","LOG_EXECUTION_ID":"true","FUNCTION_SIGNATURE_TYPE":"http"},"maxInstanceCount":20,"ingressSettings":"ALLOW_ALL","uri":"https://getimportjobstatus-3bxsxusbla-uc.a.run.app","serviceAccountEmail":"172190505514-compute@developer.gserviceaccount.com","availableMemory":"256Mi","allTrafficOnLatestRevision":true,"revision":"getimportjobstatus-00001-zil","maxInstanceRequestConcurrency":80,"availableCpu":"1"},"state":"ACTIVE","updateTime":"2025-09-14T08:47:42.838883703Z","labels":{"deployment-tool":"cli-firebase","deployment-callable":"true","firebase-functions-hash":"6943886a2b19243de7d3be406b97243fc72fae02"},"environment":"GEN_2","url":"https://us-central1-data-49543.cloudfunctions.net/getImportJobStatus","createTime":"2025-09-14T08:47:34.911697373Z","satisfiesPzi":true},{"name":"projects/data-49543/locations/us-central1/functions/setAdminRole","buildConfig":{"build":"projects/172190505514/locations/us-central1/builds/dfb686c1-80d2-4149-a335-a3e3390044dc","runtime":"nodejs22","entryPoint":"setAdminRole","source":{"storageSource":{"bucket":"gcf-v2-sources-172190505514-us-central1","object":"setAdminRole/function-source.zip","generation":"1758052530862603"}},"environmentVariables":{"GOOGLE_NODE_RUN_SCRIPTS":""},"dockerRepository":"projects/data-49543/locations/us-central1/repositories/gcf-artifacts","sourceProvenance":{"resolvedStorageSource":{"bucket":"gcf-v2-sources-172190505514-us-central1","object":"setAdminRole/function-source.zip","generation":"1758052530862603"}},"dockerRegistry":"ARTIFACT_REGISTRY","serviceAccount":"projects/data-49543/serviceAccounts/172190505514-compute@developer.gserviceaccount.com","automaticUpdatePolicy":{}},"serviceConfig":{"service":"projects/data-49543/locations/us-central1/services/setadminrole","timeoutSeconds":60,"environmentVariables":{"FIREBASE_CONFIG":"{\"projectId\":\"data-49543\",\"storageBucket\":\"data-49543.firebasestorage.app\"}","GCLOUD_PROJECT":"data-49543","EVENTARC_CLOUD_EVENT_SOURCE":"projects/data-49543/locations/us-central1/services/setAdminRole","FUNCTION_TARGET":"setAdminRole","LOG_EXECUTION_ID":"true","FUNCTION_SIGNATURE_TYPE":"http"},"maxInstanceCount":20,"ingressSettings":"ALLOW_ALL","uri":"https://setadminrole-3bxsxusbla-uc.a.run.app","serviceAccountEmail":"172190505514-compute@developer.gserviceaccount.com","availableMemory":"256Mi","allTrafficOnLatestRevision":true,"revision":"setadminrole-00004-zok","maxInstanceRequestConcurrency":80,"availableCpu":"1"},"state":"ACTIVE","updateTime":"2025-09-16T19:55:38.849842342Z","labels":{"deployment-callable":"true","firebase-functions-hash":"7cdf65ccf250bea2f22b406ff948b2efc8327779","deployment-tool":"cli-firebase"},"environment":"GEN_2","url":"https://us-central1-data-49543.cloudfunctions.net/setAdminRole","createTime":"2025-09-13T14:37:07.980662891Z","satisfiesPzi":true}]}
[debug] [2025-09-28T18:34:13.503Z] Checked if tokens are valid: true, expires at: 1759087938227
[debug] [2025-09-28T18:34:13.504Z] Checked if tokens are valid: true, expires at: 1759087938227
[debug] [2025-09-28T18:34:13.505Z] >>> [apiv2][query] GET https://cloudresourcemanager.googleapis.com/v1/projects/data-49543 [none]
[debug] [2025-09-28T18:34:13.752Z] <<< [apiv2][status] GET https://cloudresourcemanager.googleapis.com/v1/projects/data-49543 200
[debug] [2025-09-28T18:34:13.752Z] <<< [apiv2][body] GET https://cloudresourcemanager.googleapis.com/v1/projects/data-49543 {"projectNumber":"172190505514","projectId":"data-49543","lifecycleState":"ACTIVE","name":"data","labels":{"firebase":"enabled","firebase-core":"disabled"},"createTime":"2025-04-13T21:46:33.742058Z"}
[info] i  functions: deleting Node.js 22 (2nd Gen) function getImportJobStatus(us-central1)... 
[debug] [2025-09-28T18:34:13.758Z] Checked if tokens are valid: true, expires at: 1759087938227
[debug] [2025-09-28T18:34:13.758Z] Checked if tokens are valid: true, expires at: 1759087938227
[debug] [2025-09-28T18:34:13.758Z] >>> [apiv2][query] DELETE https://cloudfunctions.googleapis.com/v2/projects/data-49543/locations/us-central1/functions/getImportJobStatus [none]
[debug] [2025-09-28T18:34:14.658Z] <<< [apiv2][status] DELETE https://cloudfunctions.googleapis.com/v2/projects/data-49543/locations/us-central1/functions/getImportJobStatus 200
[debug] [2025-09-28T18:34:14.658Z] <<< [apiv2][body] DELETE https://cloudfunctions.googleapis.com/v2/projects/data-49543/locations/us-central1/functions/getImportJobStatus {"name":"projects/data-49543/locations/us-central1/operations/operation-1759084453843-63fe0c40051e6-fc7e2993-45c2c2d2","metadata":{"@type":"type.googleapis.com/google.cloud.functions.v2.OperationMetadata","createTime":"2025-09-28T18:34:13.864432806Z","target":"projects/data-49543/locations/us-central1/functions/getImportJobStatus","verb":"delete","cancelRequested":false,"apiVersion":"v2"},"done":false}
[debug] [2025-09-28T18:34:14.659Z] Checked if tokens are valid: true, expires at: 1759087938227
[debug] [2025-09-28T18:34:14.659Z] Checked if tokens are valid: true, expires at: 1759087938227
[debug] [2025-09-28T18:34:14.660Z] >>> [apiv2][query] GET https://cloudfunctions.googleapis.com/v2/projects/data-49543/locations/us-central1/operations/operation-1759084453843-63fe0c40051e6-fc7e2993-45c2c2d2 [none]
[debug] [2025-09-28T18:34:15.479Z] <<< [apiv2][status] GET https://cloudfunctions.googleapis.com/v2/projects/data-49543/locations/us-central1/operations/operation-1759084453843-63fe0c40051e6-fc7e2993-45c2c2d2 200
[debug] [2025-09-28T18:34:15.479Z] <<< [apiv2][body] GET https://cloudfunctions.googleapis.com/v2/projects/data-49543/locations/us-central1/operations/operation-1759084453843-63fe0c40051e6-fc7e2993-45c2c2d2 {"name":"projects/data-49543/locations/us-central1/operations/operation-1759084453843-63fe0c40051e6-fc7e2993-45c2c2d2","metadata":{"@type":"type.googleapis.com/google.cloud.functions.v2.OperationMetadata","createTime":"2025-09-28T18:34:13.864432806Z","target":"projects/data-49543/locations/us-central1/functions/getImportJobStatus","verb":"delete","cancelRequested":false,"apiVersion":"v2","requestResource":{"@type":"type.googleapis.com/google.cloud.functions.v2.Function","name":"projects/data-49543/locations/us-central1/functions/getImportJobStatus","environment":"GEN_2"},"stages":[{"name":"ARTIFACT_REGISTRY","state":"NOT_STARTED"},{"name":"SERVICE","message":"Deleting Cloud Run service","state":"IN_PROGRESS","resource":"projects/data-49543/locations/us-central1/services/getimportjobstatus"}],"operationType":"DELETE_FUNCTION"},"done":false}
[debug] [2025-09-28T18:34:15.993Z] [delete-default-us-central1-getImportJobStatus] Retrying task index 0
[debug] [2025-09-28T18:34:15.994Z] Checked if tokens are valid: true, expires at: 1759087938227
[debug] [2025-09-28T18:34:15.994Z] Checked if tokens are valid: true, expires at: 1759087938227
[debug] [2025-09-28T18:34:15.996Z] >>> [apiv2][query] GET https://cloudfunctions.googleapis.com/v2/projects/data-49543/locations/us-central1/operations/operation-1759084453843-63fe0c40051e6-fc7e2993-45c2c2d2 [none]
[debug] [2025-09-28T18:34:16.802Z] <<< [apiv2][status] GET https://cloudfunctions.googleapis.com/v2/projects/data-49543/locations/us-central1/operations/operation-1759084453843-63fe0c40051e6-fc7e2993-45c2c2d2 200
[debug] [2025-09-28T18:34:16.804Z] <<< [apiv2][body] GET https://cloudfunctions.googleapis.com/v2/projects/data-49543/locations/us-central1/operations/operation-1759084453843-63fe0c40051e6-fc7e2993-45c2c2d2 {"name":"projects/data-49543/locations/us-central1/operations/operation-1759084453843-63fe0c40051e6-fc7e2993-45c2c2d2","metadata":{"@type":"type.googleapis.com/google.cloud.functions.v2.OperationMetadata","createTime":"2025-09-28T18:34:13.864432806Z","target":"projects/data-49543/locations/us-central1/functions/getImportJobStatus","verb":"delete","cancelRequested":false,"apiVersion":"v2","requestResource":{"@type":"type.googleapis.com/google.cloud.functions.v2.Function","name":"projects/data-49543/locations/us-central1/functions/getImportJobStatus","environment":"GEN_2"},"stages":[{"name":"ARTIFACT_REGISTRY","state":"NOT_STARTED"},{"name":"SERVICE","message":"Deleting Cloud Run service","state":"IN_PROGRESS","resource":"projects/data-49543/locations/us-central1/services/getimportjobstatus"}],"operationType":"DELETE_FUNCTION"},"done":false}
[debug] [2025-09-28T18:34:17.819Z] [delete-default-us-central1-getImportJobStatus] Retrying task index 0
[debug] [2025-09-28T18:34:17.820Z] Checked if tokens are valid: true, expires at: 1759087938227
[debug] [2025-09-28T18:34:17.820Z] Checked if tokens are valid: true, expires at: 1759087938227
[debug] [2025-09-28T18:34:17.820Z] >>> [apiv2][query] GET https://cloudfunctions.googleapis.com/v2/projects/data-49543/locations/us-central1/operations/operation-1759084453843-63fe0c40051e6-fc7e2993-45c2c2d2 [none]
[debug] [2025-09-28T18:34:18.660Z] <<< [apiv2][status] GET https://cloudfunctions.googleapis.com/v2/projects/data-49543/locations/us-central1/operations/operation-1759084453843-63fe0c40051e6-fc7e2993-45c2c2d2 200
[debug] [2025-09-28T18:34:18.660Z] <<< [apiv2][body] GET https://cloudfunctions.googleapis.com/v2/projects/data-49543/locations/us-central1/operations/operation-1759084453843-63fe0c40051e6-fc7e2993-45c2c2d2 {"name":"projects/data-49543/locations/us-central1/operations/operation-1759084453843-63fe0c40051e6-fc7e2993-45c2c2d2","metadata":{"@type":"type.googleapis.com/google.cloud.functions.v2.OperationMetadata","createTime":"2025-09-28T18:34:13.864432806Z","endTime":"2025-09-28T18:34:17.102074695Z","target":"projects/data-49543/locations/us-central1/functions/getImportJobStatus","verb":"delete","cancelRequested":false,"apiVersion":"v2","requestResource":{"@type":"type.googleapis.com/google.cloud.functions.v2.Function","name":"projects/data-49543/locations/us-central1/functions/getImportJobStatus","environment":"GEN_2"},"stages":[{"name":"ARTIFACT_REGISTRY","message":"Deleting function artifacts in Artifact Registry","state":"COMPLETE"},{"name":"SERVICE","message":"Deleting Cloud Run service","state":"COMPLETE","resource":"projects/data-49543/locations/us-central1/services/getimportjobstatus"}],"operationType":"DELETE_FUNCTION"},"done":true,"response":{"@type":"type.googleapis.com/google.protobuf.Empty"}}
[info] +  functions[getImportJobStatus(us-central1)] Successful delete operation. 
[debug] [2025-09-28T18:34:18.668Z] Total Function Deployment time: 4908
[debug] [2025-09-28T18:34:18.668Z] 1 Functions Deployed
[debug] [2025-09-28T18:34:18.668Z] 0 Functions Errored
[debug] [2025-09-28T18:34:18.668Z] 0 Function Deployments Aborted
[debug] [2025-09-28T18:34:18.668Z] Average Function Deployment time: 4906
[debug] [2025-09-28T18:34:36.296Z] ----------------------------------------------------------------------
[debug] [2025-09-28T18:34:36.298Z] Command:       C:\Program Files\nodejs\node.exe C:\Users\Arif Kabakçı\AppData\Roaming\npm\node_modules\firebase-tools\lib\bin\firebase.js functions:delete startBulkImport --region us-central1 --project data-49543 --force
[debug] [2025-09-28T18:34:36.298Z] CLI Version:   14.15.2
[debug] [2025-09-28T18:34:36.298Z] Platform:      win32
[debug] [2025-09-28T18:34:36.298Z] Node Version:  v22.17.0
[debug] [2025-09-28T18:34:36.299Z] Time:          Sun Sep 28 2025 21:34:36 GMT+0300 (GMT+03:00)
[debug] [2025-09-28T18:34:36.299Z] ----------------------------------------------------------------------
[debug] 
[debug] [2025-09-28T18:34:36.305Z] > command requires scopes: ["email","openid","https://www.googleapis.com/auth/cloudplatformprojects.readonly","https://www.googleapis.com/auth/firebase","https://www.googleapis.com/auth/cloud-platform"]
[debug] [2025-09-28T18:34:36.306Z] > authorizing via signed-in user (315kabakc@gmail.com)
[debug] [2025-09-28T18:34:36.306Z] [iam] checking project data-49543 for permissions ["cloudfunctions.functions.delete","cloudfunctions.functions.list","firebase.projects.get"]
[debug] [2025-09-28T18:34:36.307Z] Checked if tokens are valid: true, expires at: 1759087938227
[debug] [2025-09-28T18:34:36.307Z] Checked if tokens are valid: true, expires at: 1759087938227
[debug] [2025-09-28T18:34:36.309Z] >>> [apiv2][query] POST https://cloudresourcemanager.googleapis.com/v1/projects/data-49543:testIamPermissions [none]
[debug] [2025-09-28T18:34:36.309Z] >>> [apiv2][(partial)header] POST https://cloudresourcemanager.googleapis.com/v1/projects/data-49543:testIamPermissions x-goog-quota-user=projects/data-49543
[debug] [2025-09-28T18:34:36.309Z] >>> [apiv2][body] POST https://cloudresourcemanager.googleapis.com/v1/projects/data-49543:testIamPermissions {"permissions":["cloudfunctions.functions.delete","cloudfunctions.functions.list","firebase.projects.get"]}
[debug] [2025-09-28T18:34:37.398Z] <<< [apiv2][status] POST https://cloudresourcemanager.googleapis.com/v1/projects/data-49543:testIamPermissions 200
[debug] [2025-09-28T18:34:37.399Z] <<< [apiv2][body] POST https://cloudresourcemanager.googleapis.com/v1/projects/data-49543:testIamPermissions {"permissions":["cloudfunctions.functions.delete","cloudfunctions.functions.list","firebase.projects.get"]}
[debug] [2025-09-28T18:34:37.400Z] Checked if tokens are valid: true, expires at: 1759087938227
[debug] [2025-09-28T18:34:37.400Z] Checked if tokens are valid: true, expires at: 1759087938227
[debug] [2025-09-28T18:34:37.401Z] Checked if tokens are valid: true, expires at: 1759087938227
[debug] [2025-09-28T18:34:37.401Z] Checked if tokens are valid: true, expires at: 1759087938227
[debug] [2025-09-28T18:34:37.401Z] >>> [apiv2][query] GET https://firebase.googleapis.com/v1beta1/projects/data-49543/adminSdkConfig [none]
[debug] [2025-09-28T18:34:37.403Z] >>> [apiv2][query] GET https://cloudfunctions.googleapis.com/v1/projects/data-49543/locations/-/functions [none]
[debug] [2025-09-28T18:34:37.899Z] <<< [apiv2][status] GET https://firebase.googleapis.com/v1beta1/projects/data-49543/adminSdkConfig 200
[debug] [2025-09-28T18:34:37.900Z] <<< [apiv2][body] GET https://firebase.googleapis.com/v1beta1/projects/data-49543/adminSdkConfig {"projectId":"data-49543","storageBucket":"data-49543.firebasestorage.app"}
[debug] [2025-09-28T18:34:38.108Z] <<< [apiv2][status] GET https://cloudfunctions.googleapis.com/v1/projects/data-49543/locations/-/functions 200
[debug] [2025-09-28T18:34:38.108Z] <<< [apiv2][body] GET https://cloudfunctions.googleapis.com/v1/projects/data-49543/locations/-/functions {}
[debug] [2025-09-28T18:34:38.109Z] Checked if tokens are valid: true, expires at: 1759087938227
[debug] [2025-09-28T18:34:38.109Z] Checked if tokens are valid: true, expires at: 1759087938227
[debug] [2025-09-28T18:34:38.109Z] >>> [apiv2][query] GET https://cloudfunctions.googleapis.com/v2/projects/data-49543/locations/-/functions filter=environment%3D%22GEN_2%22
[debug] [2025-09-28T18:34:38.751Z] <<< [apiv2][status] GET https://cloudfunctions.googleapis.com/v2/projects/data-49543/locations/-/functions 200
[debug] [2025-09-28T18:34:38.751Z] <<< [apiv2][body] GET https://cloudfunctions.googleapis.com/v2/projects/data-49543/locations/-/functions {"functions":[{"name":"projects/data-49543/locations/us-central1/functions/deleteUser","buildConfig":{"build":"projects/172190505514/locations/us-central1/builds/dfb686c1-80d2-4149-a335-a3e3390044dc","runtime":"nodejs22","entryPoint":"deleteUser","source":{"storageSource":{"bucket":"gcf-v2-sources-172190505514-us-central1","object":"deleteUser/function-source.zip","generation":"1758052530884532"}},"environmentVariables":{"GOOGLE_NODE_RUN_SCRIPTS":""},"dockerRepository":"projects/data-49543/locations/us-central1/repositories/gcf-artifacts","sourceProvenance":{"resolvedStorageSource":{"bucket":"gcf-v2-sources-172190505514-us-central1","object":"deleteUser/function-source.zip","generation":"1758052530884532"}},"dockerRegistry":"ARTIFACT_REGISTRY","serviceAccount":"projects/data-49543/serviceAccounts/172190505514-compute@developer.gserviceaccount.com","automaticUpdatePolicy":{}},"serviceConfig":{"service":"projects/data-49543/locations/us-central1/services/deleteuser","timeoutSeconds":60,"environmentVariables":{"FIREBASE_CONFIG":"{\"projectId\":\"data-49543\",\"storageBucket\":\"data-49543.firebasestorage.app\"}","GCLOUD_PROJECT":"data-49543","EVENTARC_CLOUD_EVENT_SOURCE":"projects/data-49543/locations/us-central1/services/deleteUser","FUNCTION_TARGET":"deleteUser","LOG_EXECUTION_ID":"true","FUNCTION_SIGNATURE_TYPE":"http"},"maxInstanceCount":20,"ingressSettings":"ALLOW_ALL","uri":"https://deleteuser-3bxsxusbla-uc.a.run.app","serviceAccountEmail":"172190505514-compute@developer.gserviceaccount.com","availableMemory":"256Mi","allTrafficOnLatestRevision":true,"revision":"deleteuser-00005-xow","maxInstanceRequestConcurrency":80,"availableCpu":"1"},"state":"ACTIVE","updateTime":"2025-09-16T19:55:38.222358127Z","labels":{"deployment-tool":"cli-firebase","deployment-callable":"true","firebase-functions-hash":"7cdf65ccf250bea2f22b406ff948b2efc8327779"},"environment":"GEN_2","url":"https://us-central1-data-49543.cloudfunctions.net/deleteUser","createTime":"2025-09-13T13:46:32.927551613Z","satisfiesPzi":true},{"name":"projects/data-49543/locations/us-central1/functions/updateMonthlyLeaderboard","buildConfig":{"build":"projects/172190505514/locations/us-central1/builds/dfb686c1-80d2-4149-a335-a3e3390044dc","runtime":"nodejs22","entryPoint":"updateMonthlyLeaderboard","source":{"storageSource":{"bucket":"gcf-v2-sources-172190505514-us-central1","object":"updateMonthlyLeaderboard/function-source.zip","generation":"1758052466791666"}},"environmentVariables":{"GOOGLE_NODE_RUN_SCRIPTS":""},"dockerRepository":"projects/data-49543/locations/us-central1/repositories/gcf-artifacts","sourceProvenance":{"resolvedStorageSource":{"bucket":"gcf-v2-sources-172190505514-us-central1","object":"updateMonthlyLeaderboard/function-source.zip","generation":"1758052466791666"}},"dockerRegistry":"ARTIFACT_REGISTRY","serviceAccount":"projects/data-49543/serviceAccounts/172190505514-compute@developer.gserviceaccount.com","automaticUpdatePolicy":{}},"serviceConfig":{"service":"projects/data-49543/locations/us-central1/services/updatemonthlyleaderboard","timeoutSeconds":60,"environmentVariables":{"FIREBASE_CONFIG":"{\"projectId\":\"data-49543\",\"storageBucket\":\"data-49543.firebasestorage.app\"}","GCLOUD_PROJECT":"data-49543","EVENTARC_CLOUD_EVENT_SOURCE":"projects/data-49543/locations/us-central1/services/updateMonthlyLeaderboard","FUNCTION_TARGET":"updateMonthlyLeaderboard","LOG_EXECUTION_ID":"true"},"maxInstanceCount":20,"ingressSettings":"ALLOW_ALL","uri":"https://updatemonthlyleaderboard-3bxsxusbla-uc.a.run.app","serviceAccountEmail":"172190505514-compute@developer.gserviceaccount.com","availableMemory":"256Mi","allTrafficOnLatestRevision":true,"revision":"updatemonthlyleaderboard-00001-ram","maxInstanceRequestConcurrency":80,"availableCpu":"1"},"state":"ACTIVE","updateTime":"2025-09-16T19:55:34.471181608Z","labels":{"deployment-scheduled":"true","firebase-functions-hash":"7cdf65ccf250bea2f22b406ff948b2efc8327779","deployment-tool":"cli-firebase"},"environment":"GEN_2","url":"https://us-central1-data-49543.cloudfunctions.net/updateMonthlyLeaderboard","createTime":"2025-09-16T19:54:27.032965531Z","satisfiesPzi":true},{"name":"projects/data-49543/locations/us-central1/functions/startBulkImport","buildConfig":{"build":"projects/172190505514/locations/us-central1/builds/50f12ce1-7c50-428e-bfa8-ca56fec7e896","runtime":"nodejs22","entryPoint":"startBulkImport","source":{"storageSource":{"bucket":"gcf-v2-sources-172190505514-us-central1","object":"startBulkImport/function-source.zip","generation":"1757839600530001"}},"environmentVariables":{"GOOGLE_NODE_RUN_SCRIPTS":""},"dockerRepository":"projects/data-49543/locations/us-central1/repositories/gcf-artifacts","sourceProvenance":{"resolvedStorageSource":{"bucket":"gcf-v2-sources-172190505514-us-central1","object":"startBulkImport/function-source.zip","generation":"1757839600530001"}},"dockerRegistry":"ARTIFACT_REGISTRY","serviceAccount":"projects/data-49543/serviceAccounts/172190505514-compute@developer.gserviceaccount.com","automaticUpdatePolicy":{}},"serviceConfig":{"service":"projects/data-49543/locations/us-central1/services/startbulkimport","timeoutSeconds":60,"environmentVariables":{"FIREBASE_CONFIG":"{\"projectId\":\"data-49543\",\"storageBucket\":\"data-49543.firebasestorage.app\"}","GCLOUD_PROJECT":"data-49543","EVENTARC_CLOUD_EVENT_SOURCE":"projects/data-49543/locations/us-central1/services/startBulkImport","FUNCTION_TARGET":"startBulkImport","LOG_EXECUTION_ID":"true"},"maxInstanceCount":20,"ingressSettings":"ALLOW_ALL","uri":"https://startbulkimport-3bxsxusbla-uc.a.run.app","serviceAccountEmail":"172190505514-compute@developer.gserviceaccount.com","availableMemory":"256Mi","allTrafficOnLatestRevision":true,"revision":"startbulkimport-00001-yos","maxInstanceRequestConcurrency":80,"availableCpu":"1"},"state":"ACTIVE","updateTime":"2025-09-14T08:47:42.427866202Z","labels":{"deployment-tool":"cli-firebase","deployment-callable":"true","firebase-functions-hash":"6943886a2b19243de7d3be406b97243fc72fae02"},"environment":"GEN_2","url":"https://us-central1-data-49543.cloudfunctions.net/startBulkImport","createTime":"2025-09-14T08:46:40.819515141Z","satisfiesPzi":true},{"name":"projects/data-49543/locations/us-central1/functions/setAdminRole","buildConfig":{"build":"projects/172190505514/locations/us-central1/builds/dfb686c1-80d2-4149-a335-a3e3390044dc","runtime":"nodejs22","entryPoint":"setAdminRole","source":{"storageSource":{"bucket":"gcf-v2-sources-172190505514-us-central1","object":"setAdminRole/function-source.zip","generation":"1758052530862603"}},"environmentVariables":{"GOOGLE_NODE_RUN_SCRIPTS":""},"dockerRepository":"projects/data-49543/locations/us-central1/repositories/gcf-artifacts","sourceProvenance":{"resolvedStorageSource":{"bucket":"gcf-v2-sources-172190505514-us-central1","object":"setAdminRole/function-source.zip","generation":"1758052530862603"}},"dockerRegistry":"ARTIFACT_REGISTRY","serviceAccount":"projects/data-49543/serviceAccounts/172190505514-compute@developer.gserviceaccount.com","automaticUpdatePolicy":{}},"serviceConfig":{"service":"projects/data-49543/locations/us-central1/services/setadminrole","timeoutSeconds":60,"environmentVariables":{"FIREBASE_CONFIG":"{\"projectId\":\"data-49543\",\"storageBucket\":\"data-49543.firebasestorage.app\"}","GCLOUD_PROJECT":"data-49543","EVENTARC_CLOUD_EVENT_SOURCE":"projects/data-49543/locations/us-central1/services/setAdminRole","FUNCTION_TARGET":"setAdminRole","LOG_EXECUTION_ID":"true","FUNCTION_SIGNATURE_TYPE":"http"},"maxInstanceCount":20,"ingressSettings":"ALLOW_ALL","uri":"https://setadminrole-3bxsxusbla-uc.a.run.app","serviceAccountEmail":"172190505514-compute@developer.gserviceaccount.com","availableMemory":"256Mi","allTrafficOnLatestRevision":true,"revision":"setadminrole-00004-zok","maxInstanceRequestConcurrency":80,"availableCpu":"1"},"state":"ACTIVE","updateTime":"2025-09-16T19:55:38.849842342Z","labels":{"firebase-functions-hash":"7cdf65ccf250bea2f22b406ff948b2efc8327779","deployment-tool":"cli-firebase","deployment-callable":"true"},"environment":"GEN_2","url":"https://us-central1-data-49543.cloudfunctions.net/setAdminRole","createTime":"2025-09-13T14:37:07.980662891Z","satisfiesPzi":true}]}
[debug] [2025-09-28T18:34:38.755Z] Checked if tokens are valid: true, expires at: 1759087938227
[debug] [2025-09-28T18:34:38.755Z] Checked if tokens are valid: true, expires at: 1759087938227
[debug] [2025-09-28T18:34:38.755Z] >>> [apiv2][query] GET https://cloudresourcemanager.googleapis.com/v1/projects/data-49543 [none]
[debug] [2025-09-28T18:34:39.637Z] <<< [apiv2][status] GET https://cloudresourcemanager.googleapis.com/v1/projects/data-49543 200
[debug] [2025-09-28T18:34:39.637Z] <<< [apiv2][body] GET https://cloudresourcemanager.googleapis.com/v1/projects/data-49543 {"projectNumber":"172190505514","projectId":"data-49543","lifecycleState":"ACTIVE","name":"data","labels":{"firebase":"enabled","firebase-core":"disabled"},"createTime":"2025-04-13T21:46:33.742058Z"}
[info] i  functions: deleting Node.js 22 (2nd Gen) function startBulkImport(us-central1)... 
[debug] [2025-09-28T18:34:39.639Z] Checked if tokens are valid: true, expires at: 1759087938227
[debug] [2025-09-28T18:34:39.639Z] Checked if tokens are valid: true, expires at: 1759087938227
[debug] [2025-09-28T18:34:39.639Z] >>> [apiv2][query] DELETE https://cloudfunctions.googleapis.com/v2/projects/data-49543/locations/us-central1/functions/startBulkImport [none]
[debug] [2025-09-28T18:34:40.456Z] <<< [apiv2][status] DELETE https://cloudfunctions.googleapis.com/v2/projects/data-49543/locations/us-central1/functions/startBulkImport 200
[debug] [2025-09-28T18:34:40.456Z] <<< [apiv2][body] DELETE https://cloudfunctions.googleapis.com/v2/projects/data-49543/locations/us-central1/functions/startBulkImport {"name":"projects/data-49543/locations/us-central1/operations/operation-1759084479719-63fe0c58b26cf-ee31984b-a39018e8","metadata":{"@type":"type.googleapis.com/google.cloud.functions.v2.OperationMetadata","createTime":"2025-09-28T18:34:39.739030943Z","target":"projects/data-49543/locations/us-central1/functions/startBulkImport","verb":"delete","cancelRequested":false,"apiVersion":"v2"},"done":false}
[debug] [2025-09-28T18:34:40.457Z] Checked if tokens are valid: true, expires at: 1759087938227
[debug] [2025-09-28T18:34:40.457Z] Checked if tokens are valid: true, expires at: 1759087938227
[debug] [2025-09-28T18:34:40.457Z] >>> [apiv2][query] GET https://cloudfunctions.googleapis.com/v2/projects/data-49543/locations/us-central1/operations/operation-1759084479719-63fe0c58b26cf-ee31984b-a39018e8 [none]
[debug] [2025-09-28T18:34:41.230Z] <<< [apiv2][status] GET https://cloudfunctions.googleapis.com/v2/projects/data-49543/locations/us-central1/operations/operation-1759084479719-63fe0c58b26cf-ee31984b-a39018e8 200
[debug] [2025-09-28T18:34:41.231Z] <<< [apiv2][body] GET https://cloudfunctions.googleapis.com/v2/projects/data-49543/locations/us-central1/operations/operation-1759084479719-63fe0c58b26cf-ee31984b-a39018e8 {"name":"projects/data-49543/locations/us-central1/operations/operation-1759084479719-63fe0c58b26cf-ee31984b-a39018e8","metadata":{"@type":"type.googleapis.com/google.cloud.functions.v2.OperationMetadata","createTime":"2025-09-28T18:34:39.739030943Z","target":"projects/data-49543/locations/us-central1/functions/startBulkImport","verb":"delete","cancelRequested":false,"apiVersion":"v2","requestResource":{"@type":"type.googleapis.com/google.cloud.functions.v2.Function","name":"projects/data-49543/locations/us-central1/functions/startBulkImport","environment":"GEN_2"},"stages":[{"name":"ARTIFACT_REGISTRY","state":"NOT_STARTED"},{"name":"SERVICE","message":"Deleting Cloud Run service","state":"IN_PROGRESS","resource":"projects/data-49543/locations/us-central1/services/startbulkimport"}],"operationType":"DELETE_FUNCTION"},"done":false}
[debug] [2025-09-28T18:34:41.741Z] [delete-default-us-central1-startBulkImport] Retrying task index 0
[debug] [2025-09-28T18:34:41.743Z] Checked if tokens are valid: true, expires at: 1759087938227
[debug] [2025-09-28T18:34:41.743Z] Checked if tokens are valid: true, expires at: 1759087938227
[debug] [2025-09-28T18:34:41.743Z] >>> [apiv2][query] GET https://cloudfunctions.googleapis.com/v2/projects/data-49543/locations/us-central1/operations/operation-1759084479719-63fe0c58b26cf-ee31984b-a39018e8 [none]
[debug] [2025-09-28T18:34:42.510Z] <<< [apiv2][status] GET https://cloudfunctions.googleapis.com/v2/projects/data-49543/locations/us-central1/operations/operation-1759084479719-63fe0c58b26cf-ee31984b-a39018e8 200
[debug] [2025-09-28T18:34:42.512Z] <<< [apiv2][body] GET https://cloudfunctions.googleapis.com/v2/projects/data-49543/locations/us-central1/operations/operation-1759084479719-63fe0c58b26cf-ee31984b-a39018e8 {"name":"projects/data-49543/locations/us-central1/operations/operation-1759084479719-63fe0c58b26cf-ee31984b-a39018e8","metadata":{"@type":"type.googleapis.com/google.cloud.functions.v2.OperationMetadata","createTime":"2025-09-28T18:34:39.739030943Z","target":"projects/data-49543/locations/us-central1/functions/startBulkImport","verb":"delete","cancelRequested":false,"apiVersion":"v2","requestResource":{"@type":"type.googleapis.com/google.cloud.functions.v2.Function","name":"projects/data-49543/locations/us-central1/functions/startBulkImport","environment":"GEN_2"},"stages":[{"name":"ARTIFACT_REGISTRY","state":"NOT_STARTED"},{"name":"SERVICE","message":"Deleting Cloud Run service","state":"IN_PROGRESS","resource":"projects/data-49543/locations/us-central1/services/startbulkimport"}],"operationType":"DELETE_FUNCTION"},"done":false}
[debug] [2025-09-28T18:34:43.514Z] [delete-default-us-central1-startBulkImport] Retrying task index 0
[debug] [2025-09-28T18:34:43.514Z] Checked if tokens are valid: true, expires at: 1759087938227
[debug] [2025-09-28T18:34:43.514Z] Checked if tokens are valid: true, expires at: 1759087938227
[debug] [2025-09-28T18:34:43.514Z] >>> [apiv2][query] GET https://cloudfunctions.googleapis.com/v2/projects/data-49543/locations/us-central1/operations/operation-1759084479719-63fe0c58b26cf-ee31984b-a39018e8 [none]
[debug] [2025-09-28T18:34:44.246Z] <<< [apiv2][status] GET https://cloudfunctions.googleapis.com/v2/projects/data-49543/locations/us-central1/operations/operation-1759084479719-63fe0c58b26cf-ee31984b-a39018e8 200
[debug] [2025-09-28T18:34:44.246Z] <<< [apiv2][body] GET https://cloudfunctions.googleapis.com/v2/projects/data-49543/locations/us-central1/operations/operation-1759084479719-63fe0c58b26cf-ee31984b-a39018e8 {"name":"projects/data-49543/locations/us-central1/operations/operation-1759084479719-63fe0c58b26cf-ee31984b-a39018e8","metadata":{"@type":"type.googleapis.com/google.cloud.functions.v2.OperationMetadata","createTime":"2025-09-28T18:34:39.739030943Z","endTime":"2025-09-28T18:34:42.708037134Z","target":"projects/data-49543/locations/us-central1/functions/startBulkImport","verb":"delete","cancelRequested":false,"apiVersion":"v2","requestResource":{"@type":"type.googleapis.com/google.cloud.functions.v2.Function","name":"projects/data-49543/locations/us-central1/functions/startBulkImport","environment":"GEN_2"},"stages":[{"name":"ARTIFACT_REGISTRY","message":"Deleting function artifacts in Artifact Registry","state":"COMPLETE"},{"name":"SERVICE","message":"Deleting Cloud Run service","state":"COMPLETE","resource":"projects/data-49543/locations/us-central1/services/startbulkimport"}],"operationType":"DELETE_FUNCTION"},"done":true,"response":{"@type":"type.googleapis.com/google.protobuf.Empty"}}
[info] +  functions[startBulkImport(us-central1)] Successful delete operation. 
[debug] [2025-09-28T18:34:44.254Z] Total Function Deployment time: 4609
[debug] [2025-09-28T18:34:44.254Z] 1 Functions Deployed
[debug] [2025-09-28T18:34:44.254Z] 0 Functions Errored
[debug] [2025-09-28T18:34:44.254Z] 0 Function Deployments Aborted
[debug] [2025-09-28T18:34:44.254Z] Average Function Deployment time: 4608
